CRITICAL - 2024-03-30 14:56:20 --> Error: Class 'App\Controllers\BaseControllers' not found
in APPPATH\Controllers\Contact.php on line 5.
 1 SYSTEMPATH\Autoloader\Autoloader.php(311): include_once()
 2 SYSTEMPATH\Autoloader\Autoloader.php(290): CodeIgniter\Autoloader\Autoloader->includeFile()
 3 SYSTEMPATH\Autoloader\Autoloader.php(266): CodeIgniter\Autoloader\Autoloader->loadInNamespace()
 4 [internal function]: CodeIgniter\Autoloader\Autoloader->loadClass()
 5 [internal function]: spl_autoload_call()
 6 SYSTEMPATH\CodeIgniter.php(901): class_exists()
 7 SYSTEMPATH\CodeIgniter.php(490): CodeIgniter\CodeIgniter->startController()
 8 SYSTEMPATH\CodeIgniter.php(361): CodeIgniter\CodeIgniter->handleRequest()
 9 FCPATH\index.php(79): CodeIgniter\CodeIgniter->run()
CRITICAL - 2024-03-30 16:28:45 --> ErrorException: Undefined variable: picture
in APPPATH\Views\templates\animals.php on line 17.
 1 APPPATH\Views\templates\animals.php(17): CodeIgniter\Debug\Exceptions->errorHandler()
 2 SYSTEMPATH\View\View.php(228): include('C:\\Program Files\\Ampps\\www\\ci-oldalam\\app\\Views\\templates\\animals.php')
 3 SYSTEMPATH\View\View.php(231): CodeIgniter\View\View->CodeIgniter\View\{closure}()
 4 SYSTEMPATH\Common.php(1178): CodeIgniter\View\View->render()
 5 APPPATH\Controllers\Animals.php(17): view()
 6 SYSTEMPATH\CodeIgniter.php(943): App\Controllers\Animals->index()
 7 SYSTEMPATH\CodeIgniter.php(503): CodeIgniter\CodeIgniter->runController()
 8 SYSTEMPATH\CodeIgniter.php(361): CodeIgniter\CodeIgniter->handleRequest()
 9 FCPATH\index.php(79): CodeIgniter\CodeIgniter->run()
CRITICAL - 2024-03-30 18:18:00 --> ErrorException: Undefined variable: price
in APPPATH\Views\templates\animals.php on line 20.
 1 APPPATH\Views\templates\animals.php(20): CodeIgniter\Debug\Exceptions->errorHandler()
 2 SYSTEMPATH\View\View.php(228): include('C:\\Program Files\\Ampps\\www\\ci-oldalam\\app\\Views\\templates\\animals.php')
 3 SYSTEMPATH\View\View.php(231): CodeIgniter\View\View->CodeIgniter\View\{closure}()
 4 SYSTEMPATH\Common.php(1178): CodeIgniter\View\View->render()
 5 APPPATH\Controllers\Animals.php(17): view()
 6 SYSTEMPATH\CodeIgniter.php(943): App\Controllers\Animals->index()
 7 SYSTEMPATH\CodeIgniter.php(503): CodeIgniter\CodeIgniter->runController()
 8 SYSTEMPATH\CodeIgniter.php(361): CodeIgniter\CodeIgniter->handleRequest()
 9 FCPATH\index.php(79): CodeIgniter\CodeIgniter->run()
CRITICAL - 2024-03-30 18:20:28 --> Error: Call to undefined function numbform()
in APPPATH\Views\templates\animals.php on line 16.
 1 SYSTEMPATH\View\View.php(228): include()
 2 SYSTEMPATH\View\View.php(231): CodeIgniter\View\View->CodeIgniter\View\{closure}()
 3 SYSTEMPATH\Common.php(1178): CodeIgniter\View\View->render()
 4 APPPATH\Controllers\Animals.php(17): view()
 5 SYSTEMPATH\CodeIgniter.php(943): App\Controllers\Animals->index()
 6 SYSTEMPATH\CodeIgniter.php(503): CodeIgniter\CodeIgniter->runController()
 7 SYSTEMPATH\CodeIgniter.php(361): CodeIgniter\CodeIgniter->handleRequest()
 8 FCPATH\index.php(79): CodeIgniter\CodeIgniter->run()
CRITICAL - 2024-03-30 18:21:24 --> Error: Call to undefined function numbform()
in APPPATH\Views\templates\animals.php on line 16.
 1 SYSTEMPATH\View\View.php(228): include()
 2 SYSTEMPATH\View\View.php(231): CodeIgniter\View\View->CodeIgniter\View\{closure}()
 3 SYSTEMPATH\Common.php(1178): CodeIgniter\View\View->render()
 4 APPPATH\Controllers\Animals.php(17): view()
 5 SYSTEMPATH\CodeIgniter.php(943): App\Controllers\Animals->index()
 6 SYSTEMPATH\CodeIgniter.php(503): CodeIgniter\CodeIgniter->runController()
 7 SYSTEMPATH\CodeIgniter.php(361): CodeIgniter\CodeIgniter->handleRequest()
 8 FCPATH\index.php(79): CodeIgniter\CodeIgniter->run()
CRITICAL - 2024-03-30 18:26:08 --> Error: Call to undefined function numbform()
in APPPATH\Views\templates\animals.php on line 16.
 1 SYSTEMPATH\View\View.php(228): include()
 2 SYSTEMPATH\View\View.php(231): CodeIgniter\View\View->CodeIgniter\View\{closure}()
 3 SYSTEMPATH\Common.php(1178): CodeIgniter\View\View->render()
 4 APPPATH\Controllers\Animals.php(17): view()
 5 SYSTEMPATH\CodeIgniter.php(943): App\Controllers\Animals->index()
 6 SYSTEMPATH\CodeIgniter.php(503): CodeIgniter\CodeIgniter->runController()
 7 SYSTEMPATH\CodeIgniter.php(361): CodeIgniter\CodeIgniter->handleRequest()
 8 FCPATH\index.php(79): CodeIgniter\CodeIgniter->run()
CRITICAL - 2024-03-30 18:26:41 --> Error: Call to undefined function numbform()
in APPPATH\Views\templates\animals.php on line 16.
 1 SYSTEMPATH\View\View.php(228): include()
 2 SYSTEMPATH\View\View.php(231): CodeIgniter\View\View->CodeIgniter\View\{closure}()
 3 SYSTEMPATH\Common.php(1178): CodeIgniter\View\View->render()
 4 APPPATH\Controllers\Animals.php(17): view()
 5 SYSTEMPATH\CodeIgniter.php(943): App\Controllers\Animals->index()
 6 SYSTEMPATH\CodeIgniter.php(503): CodeIgniter\CodeIgniter->runController()
 7 SYSTEMPATH\CodeIgniter.php(361): CodeIgniter\CodeIgniter->handleRequest()
 8 FCPATH\index.php(79): CodeIgniter\CodeIgniter->run()
CRITICAL - 2024-03-30 18:29:42 --> Error: Call to undefined function numbform()
in APPPATH\Views\templates\animals.php on line 16.
 1 SYSTEMPATH\View\View.php(228): include()
 2 SYSTEMPATH\View\View.php(231): CodeIgniter\View\View->CodeIgniter\View\{closure}()
 3 SYSTEMPATH\Common.php(1178): CodeIgniter\View\View->render()
 4 APPPATH\Controllers\Animals.php(17): view()
 5 SYSTEMPATH\CodeIgniter.php(943): App\Controllers\Animals->index()
 6 SYSTEMPATH\CodeIgniter.php(503): CodeIgniter\CodeIgniter->runController()
 7 SYSTEMPATH\CodeIgniter.php(361): CodeIgniter\CodeIgniter->handleRequest()
 8 FCPATH\index.php(79): CodeIgniter\CodeIgniter->run()
CRITICAL - 2024-03-30 18:29:46 --> Error: Call to undefined function numbform()
in APPPATH\Views\templates\animals.php on line 16.
 1 SYSTEMPATH\View\View.php(228): include()
 2 SYSTEMPATH\View\View.php(231): CodeIgniter\View\View->CodeIgniter\View\{closure}()
 3 SYSTEMPATH\Common.php(1178): CodeIgniter\View\View->render()
 4 APPPATH\Controllers\Animals.php(17): view()
 5 SYSTEMPATH\CodeIgniter.php(943): App\Controllers\Animals->index()
 6 SYSTEMPATH\CodeIgniter.php(503): CodeIgniter\CodeIgniter->runController()
 7 SYSTEMPATH\CodeIgniter.php(361): CodeIgniter\CodeIgniter->handleRequest()
 8 FCPATH\index.php(79): CodeIgniter\CodeIgniter->run()
CRITICAL - 2024-03-30 18:29:47 --> Error: Call to undefined function numbform()
in APPPATH\Views\templates\animals.php on line 16.
 1 SYSTEMPATH\View\View.php(228): include()
 2 SYSTEMPATH\View\View.php(231): CodeIgniter\View\View->CodeIgniter\View\{closure}()
 3 SYSTEMPATH\Common.php(1178): CodeIgniter\View\View->render()
 4 APPPATH\Controllers\Animals.php(17): view()
 5 SYSTEMPATH\CodeIgniter.php(943): App\Controllers\Animals->index()
 6 SYSTEMPATH\CodeIgniter.php(503): CodeIgniter\CodeIgniter->runController()
 7 SYSTEMPATH\CodeIgniter.php(361): CodeIgniter\CodeIgniter->handleRequest()
 8 FCPATH\index.php(79): CodeIgniter\CodeIgniter->run()
CRITICAL - 2024-03-30 18:30:31 --> ErrorException: Undefined variable: number
in APPPATH\Views\templates\animals.php on line 17.
 1 APPPATH\Views\templates\animals.php(17): CodeIgniter\Debug\Exceptions->errorHandler()
 2 APPPATH\Views\templates\animals.php(20): numbform()
 3 SYSTEMPATH\View\View.php(228): include('C:\\Program Files\\Ampps\\www\\ci-oldalam\\app\\Views\\templates\\animals.php')
 4 SYSTEMPATH\View\View.php(231): CodeIgniter\View\View->CodeIgniter\View\{closure}()
 5 SYSTEMPATH\Common.php(1178): CodeIgniter\View\View->render()
 6 APPPATH\Controllers\Animals.php(17): view()
 7 SYSTEMPATH\CodeIgniter.php(943): App\Controllers\Animals->index()
 8 SYSTEMPATH\CodeIgniter.php(503): CodeIgniter\CodeIgniter->runController()
 9 SYSTEMPATH\CodeIgniter.php(361): CodeIgniter\CodeIgniter->handleRequest()
10 FCPATH\index.php(79): CodeIgniter\CodeIgniter->run()
CRITICAL - 2024-03-30 18:30:34 --> ErrorException: Undefined variable: number
in APPPATH\Views\templates\animals.php on line 17.
 1 APPPATH\Views\templates\animals.php(17): CodeIgniter\Debug\Exceptions->errorHandler()
 2 APPPATH\Views\templates\animals.php(20): numbform()
 3 SYSTEMPATH\View\View.php(228): include('C:\\Program Files\\Ampps\\www\\ci-oldalam\\app\\Views\\templates\\animals.php')
 4 SYSTEMPATH\View\View.php(231): CodeIgniter\View\View->CodeIgniter\View\{closure}()
 5 SYSTEMPATH\Common.php(1178): CodeIgniter\View\View->render()
 6 APPPATH\Controllers\Animals.php(17): view()
 7 SYSTEMPATH\CodeIgniter.php(943): App\Controllers\Animals->index()
 8 SYSTEMPATH\CodeIgniter.php(503): CodeIgniter\CodeIgniter->runController()
 9 SYSTEMPATH\CodeIgniter.php(361): CodeIgniter\CodeIgniter->handleRequest()
10 FCPATH\index.php(79): CodeIgniter\CodeIgniter->run()
CRITICAL - 2024-03-30 18:30:35 --> ErrorException: Undefined variable: number
in APPPATH\Views\templates\animals.php on line 17.
 1 APPPATH\Views\templates\animals.php(17): CodeIgniter\Debug\Exceptions->errorHandler()
 2 APPPATH\Views\templates\animals.php(20): numbform()
 3 SYSTEMPATH\View\View.php(228): include('C:\\Program Files\\Ampps\\www\\ci-oldalam\\app\\Views\\templates\\animals.php')
 4 SYSTEMPATH\View\View.php(231): CodeIgniter\View\View->CodeIgniter\View\{closure}()
 5 SYSTEMPATH\Common.php(1178): CodeIgniter\View\View->render()
 6 APPPATH\Controllers\Animals.php(17): view()
 7 SYSTEMPATH\CodeIgniter.php(943): App\Controllers\Animals->index()
 8 SYSTEMPATH\CodeIgniter.php(503): CodeIgniter\CodeIgniter->runController()
 9 SYSTEMPATH\CodeIgniter.php(361): CodeIgniter\CodeIgniter->handleRequest()
10 FCPATH\index.php(79): CodeIgniter\CodeIgniter->run()
CRITICAL - 2024-03-30 18:31:32 --> ErrorException: Undefined variable: number
in APPPATH\Views\templates\animals.php on line 17.
 1 APPPATH\Views\templates\animals.php(17): CodeIgniter\Debug\Exceptions->errorHandler()
 2 APPPATH\Views\templates\animals.php(20): numbform()
 3 SYSTEMPATH\View\View.php(228): include('C:\\Program Files\\Ampps\\www\\ci-oldalam\\app\\Views\\templates\\animals.php')
 4 SYSTEMPATH\View\View.php(231): CodeIgniter\View\View->CodeIgniter\View\{closure}()
 5 SYSTEMPATH\Common.php(1178): CodeIgniter\View\View->render()
 6 APPPATH\Controllers\Animals.php(17): view()
 7 SYSTEMPATH\CodeIgniter.php(943): App\Controllers\Animals->index()
 8 SYSTEMPATH\CodeIgniter.php(503): CodeIgniter\CodeIgniter->runController()
 9 SYSTEMPATH\CodeIgniter.php(361): CodeIgniter\CodeIgniter->handleRequest()
10 FCPATH\index.php(79): CodeIgniter\CodeIgniter->run()
CRITICAL - 2024-03-30 18:31:34 --> ErrorException: Undefined variable: number
in APPPATH\Views\templates\animals.php on line 17.
 1 APPPATH\Views\templates\animals.php(17): CodeIgniter\Debug\Exceptions->errorHandler()
 2 APPPATH\Views\templates\animals.php(20): numbform()
 3 SYSTEMPATH\View\View.php(228): include('C:\\Program Files\\Ampps\\www\\ci-oldalam\\app\\Views\\templates\\animals.php')
 4 SYSTEMPATH\View\View.php(231): CodeIgniter\View\View->CodeIgniter\View\{closure}()
 5 SYSTEMPATH\Common.php(1178): CodeIgniter\View\View->render()
 6 APPPATH\Controllers\Animals.php(17): view()
 7 SYSTEMPATH\CodeIgniter.php(943): App\Controllers\Animals->index()
 8 SYSTEMPATH\CodeIgniter.php(503): CodeIgniter\CodeIgniter->runController()
 9 SYSTEMPATH\CodeIgniter.php(361): CodeIgniter\CodeIgniter->handleRequest()
10 FCPATH\index.php(79): CodeIgniter\CodeIgniter->run()
CRITICAL - 2024-03-30 18:32:44 --> ErrorException: Undefined variable: price
in APPPATH\Views\templates\animals.php on line 17.
 1 APPPATH\Views\templates\animals.php(17): CodeIgniter\Debug\Exceptions->errorHandler()
 2 APPPATH\Views\templates\animals.php(20): numbform()
 3 SYSTEMPATH\View\View.php(228): include('C:\\Program Files\\Ampps\\www\\ci-oldalam\\app\\Views\\templates\\animals.php')
 4 SYSTEMPATH\View\View.php(231): CodeIgniter\View\View->CodeIgniter\View\{closure}()
 5 SYSTEMPATH\Common.php(1178): CodeIgniter\View\View->render()
 6 APPPATH\Controllers\Animals.php(17): view()
 7 SYSTEMPATH\CodeIgniter.php(943): App\Controllers\Animals->index()
 8 SYSTEMPATH\CodeIgniter.php(503): CodeIgniter\CodeIgniter->runController()
 9 SYSTEMPATH\CodeIgniter.php(361): CodeIgniter\CodeIgniter->handleRequest()
10 FCPATH\index.php(79): CodeIgniter\CodeIgniter->run()
CRITICAL - 2024-03-30 18:33:41 --> ErrorException: Undefined variable: price
in APPPATH\Views\templates\animals.php on line 17.
 1 APPPATH\Views\templates\animals.php(17): CodeIgniter\Debug\Exceptions->errorHandler()
 2 APPPATH\Views\templates\animals.php(20): numbform()
 3 SYSTEMPATH\View\View.php(228): include('C:\\Program Files\\Ampps\\www\\ci-oldalam\\app\\Views\\templates\\animals.php')
 4 SYSTEMPATH\View\View.php(231): CodeIgniter\View\View->CodeIgniter\View\{closure}()
 5 SYSTEMPATH\Common.php(1178): CodeIgniter\View\View->render()
 6 APPPATH\Controllers\Animals.php(17): view()
 7 SYSTEMPATH\CodeIgniter.php(943): App\Controllers\Animals->index()
 8 SYSTEMPATH\CodeIgniter.php(503): CodeIgniter\CodeIgniter->runController()
 9 SYSTEMPATH\CodeIgniter.php(361): CodeIgniter\CodeIgniter->handleRequest()
10 FCPATH\index.php(79): CodeIgniter\CodeIgniter->run()
CRITICAL - 2024-03-30 18:33:44 --> ErrorException: Undefined variable: price
in APPPATH\Views\templates\animals.php on line 17.
 1 APPPATH\Views\templates\animals.php(17): CodeIgniter\Debug\Exceptions->errorHandler()
 2 APPPATH\Views\templates\animals.php(20): numbform()
 3 SYSTEMPATH\View\View.php(228): include('C:\\Program Files\\Ampps\\www\\ci-oldalam\\app\\Views\\templates\\animals.php')
 4 SYSTEMPATH\View\View.php(231): CodeIgniter\View\View->CodeIgniter\View\{closure}()
 5 SYSTEMPATH\Common.php(1178): CodeIgniter\View\View->render()
 6 APPPATH\Controllers\Animals.php(17): view()
 7 SYSTEMPATH\CodeIgniter.php(943): App\Controllers\Animals->index()
 8 SYSTEMPATH\CodeIgniter.php(503): CodeIgniter\CodeIgniter->runController()
 9 SYSTEMPATH\CodeIgniter.php(361): CodeIgniter\CodeIgniter->handleRequest()
10 FCPATH\index.php(79): CodeIgniter\CodeIgniter->run()
